\BOOKMARK [1][-]{section.1}{\376\377\122\115\212\000\377\032\116\072\116\300\116\110\211\201\133\146\116\140\000P\000a\000n\000d\000a\000s\377\037}{}% 1
\BOOKMARK [1][-]{section.2}{\376\377\126\333\116\052\176\303\116\140\145\160\143\156\145\207\116\366\116\313\176\315}{}% 2
\BOOKMARK [2][-]{subsection.2.1}{\376\377\145\160\143\156\145\207\116\366\151\202\211\310}{section.2}% 3
\BOOKMARK [2][-]{subsection.2.2}{\376\377\0000\0001\000\137\165\065\125\106\213\242\123\125\145\160\143\156\000\137\176\303\116\140\000.\000c\000s\000v}{section.2}% 4
\BOOKMARK [2][-]{subsection.2.3}{\376\377\0000\0002\000\137\117\040\141\037\126\150\145\160\143\156\000\137\176\303\116\140\000.\000c\000s\000v}{section.2}% 5
\BOOKMARK [2][-]{subsection.2.4}{\376\377\0000\0003\000\137\177\072\131\061\120\074\131\004\164\006\000\137\176\303\116\140\000.\000c\000s\000v}{section.2}% 6
\BOOKMARK [2][-]{subsection.2.5}{\376\377\0000\0004\000\137\145\160\143\156\150\074\137\017\156\005\155\027\000\137\176\303\116\140\000.\000c\000s\000v}{section.2}% 7
\BOOKMARK [1][-]{section.3}{\376\377\000P\000y\000t\000h\000o\000n\116\016\000P\000a\000n\000d\000a\000s\127\372\170\100}{}% 8
\BOOKMARK [2][-]{subsection.3.1}{\376\377\133\211\210\305\116\016\133\374\121\145}{section.3}% 9
\BOOKMARK [2][-]{subsection.3.2}{\376\377\213\373\123\326\000C\000S\000V\145\207\116\366}{section.3}% 10
\BOOKMARK [1][-]{section.4}{\376\377\145\160\143\156\147\345\167\013\116\016\143\242\175\042}{}% 11
\BOOKMARK [2][-]{subsection.4.1}{\376\377\147\345\167\013\145\160\143\156\127\372\147\054\117\341\140\157}{section.4}% 12
\BOOKMARK [2][-]{subsection.4.2}{\376\377\147\345\167\013\145\160\143\156\121\205\133\271}{section.4}% 13
\BOOKMARK [2][-]{subsection.4.3}{\376\377\176\337\213\241\117\341\140\157}{section.4}% 14
\BOOKMARK [1][-]{section.5}{\376\377\145\160\143\156\220\011\142\351}{}% 15
\BOOKMARK [2][-]{subsection.5.1}{\376\377\220\011\142\351\122\027}{section.5}% 16
\BOOKMARK [2][-]{subsection.5.2}{\376\377\220\011\142\351\210\114}{section.5}% 17
\BOOKMARK [2][-]{subsection.5.3}{\376\377\147\141\116\366\173\133\220\011}{section.5}% 18
\BOOKMARK [1][-]{section.6}{\376\377\145\160\143\156\156\005\155\027\377\032\131\004\164\006\177\072\131\061\120\074}{}% 19
\BOOKMARK [2][-]{subsection.6.1}{\376\377\116\300\116\110\146\057\177\072\131\061\120\074\377\037}{section.6}% 20
\BOOKMARK [2][-]{subsection.6.2}{\376\377\150\300\155\113\177\072\131\061\120\074}{section.6}% 21
\BOOKMARK [2][-]{subsection.6.3}{\376\377\177\072\131\061\120\074\131\004\164\006\173\126\165\145}{section.6}% 22
\BOOKMARK [2][-]{subsection.6.4}{\376\377\130\153\121\105\177\072\131\061\120\074}{section.6}% 23
\BOOKMARK [1][-]{section.7}{\376\377\145\160\143\156\156\005\155\027\377\032\131\004\164\006\221\315\131\015\120\074}{}% 24
\BOOKMARK [2][-]{subsection.7.1}{\376\377\116\300\116\110\146\057\221\315\131\015\120\074\377\037}{section.7}% 25
\BOOKMARK [2][-]{subsection.7.2}{\376\377\150\300\155\113\124\214\122\040\226\144\221\315\131\015\120\074}{section.7}% 26
\BOOKMARK [1][-]{section.8}{\376\377\145\160\143\156\156\005\155\027\377\032\131\004\164\006\137\002\136\070\120\074}{}% 27
\BOOKMARK [2][-]{subsection.8.1}{\376\377\116\300\116\110\146\057\137\002\136\070\120\074\377\037}{section.8}% 28
\BOOKMARK [2][-]{subsection.8.2}{\376\377\137\002\136\070\120\074\150\300\155\113\145\271\154\325}{section.8}% 29
\BOOKMARK [2][-]{subsection.8.3}{\376\377\131\004\164\006\137\002\136\070\120\074}{section.8}% 30
\BOOKMARK [1][-]{section.9}{\376\377\145\160\143\156\150\074\137\017\217\154\143\142}{}% 31
\BOOKMARK [2][-]{subsection.9.1}{\376\377\116\072\116\300\116\110\227\000\211\201\150\074\137\017\217\154\143\142\377\037}{section.9}% 32
\BOOKMARK [2][-]{subsection.9.2}{\376\377\133\127\173\046\116\062\131\004\164\006}{section.9}% 33
\BOOKMARK [2][-]{subsection.9.3}{\376\377\131\004\164\006\142\113\147\072\123\367}{section.9}% 34
\BOOKMARK [1][-]{section.10}{\376\377\145\160\143\156\122\006\176\304\116\016\176\337\213\241}{}% 35
\BOOKMARK [2][-]{subsection.10.1}{\376\377\122\006\176\304\176\337\213\241\166\204\151\202\137\365}{section.10}% 36
\BOOKMARK [2][-]{subsection.10.2}{\376\377\122\006\176\304\176\337\213\241}{section.10}% 37
\BOOKMARK [1][-]{section.11}{\376\377\176\374\124\010\133\236\142\030\377\032\133\214\145\164\145\160\143\156\131\004\164\006\155\101\172\013}{}% 38
\BOOKMARK [2][-]{subsection.11.1}{\376\377\145\160\143\156\131\004\164\006\166\204\133\214\145\164\155\101\172\013}{section.11}% 39
\BOOKMARK [2][-]{subsection.11.2}{\376\377\150\110\117\213\377\032\133\214\145\164\166\204\165\065\125\106\213\242\123\125\145\160\143\156\131\004\164\006}{section.11}% 40
\BOOKMARK [1][-]{section.12}{\376\377\172\336\215\133\152\041\142\337\230\230}{}% 41
\BOOKMARK [2][-]{subsection.12.1}{\376\377\230\230\166\356\116\000\377\032\165\065\125\106\213\242\123\125\145\160\143\156\156\005\155\027}{section.12}% 42
\BOOKMARK [2][-]{subsection.12.2}{\376\377\230\230\166\356\116\214\377\032\124\130\135\345\117\341\140\157\145\160\143\156\131\004\164\006}{section.12}% 43
\BOOKMARK [1][-]{section.13}{\376\377\116\343\170\001\220\037\147\345\210\150}{}% 44
\BOOKMARK [2][-]{subsection.13.1}{\376\377\145\207\116\366\144\315\117\134}{section.13}% 45
\BOOKMARK [2][-]{subsection.13.2}{\376\377\145\160\143\156\147\345\167\013}{section.13}% 46
\BOOKMARK [2][-]{subsection.13.3}{\376\377\145\160\143\156\220\011\142\351}{section.13}% 47
\BOOKMARK [2][-]{subsection.13.4}{\376\377\145\160\143\156\156\005\155\027}{section.13}% 48
\BOOKMARK [2][-]{subsection.13.5}{\376\377\145\160\143\156\217\154\143\142}{section.13}% 49
\BOOKMARK [2][-]{subsection.13.6}{\376\377\122\006\176\304\176\337\213\241}{section.13}% 50
